[32mvite-ng-vps-app:build[0m: cache hit, replaying output [2m9c902c3c18eb1581[0m
[32mvite-ng-vps-app:build: [0m
[32mvite-ng-vps-app:build: [0m> vite-ng-vps-app@0.0.0 build E:\Projects\vite-plugin-angular\examples\vps
[32mvite-ng-vps-app:build: [0m> vavite
[32mvite-ng-vps-app:build: [0m
[32mvite-ng-vps-app:build: [0m[36mvavite: [39m[37mrunning build step[39m [34mclient[39m ([32m1/2[39m)
[32mvite-ng-vps-app:build: [0m[36mvite v3.1.0 [32mbuilding for production...[36m[39m
[32mvite-ng-vps-app:build: [0mtransforming...
[32mvite-ng-vps-app:build: [0m[32m✓[39m 348 modules transformed.
[32mvite-ng-vps-app:build: [0mrendering chunks...
[32mvite-ng-vps-app:build: [0m[90m[37m[2mdist/client/[22m[90m[39m[32mvite-plugin-ssr.json                              [39m [2m0.13 KiB[22m
[32mvite-ng-vps-app:build: [0m[90m[37m[2mdist/client/[22m[90m[39m[32mmanifest.json                                     [39m [2m2.49 KiB[22m
[32mvite-ng-vps-app:build: [0m[90m[37m[2mdist/client/[22m[90m[39m[36massets/renderer/wrapper.page.2b4dab7d.js          [39m [2m0.67 KiB / gzip: 0.44 KiB[22m
[32mvite-ng-vps-app:build: [0m[90m[37m[2mdist/client/[22m[90m[39m[36massets/renderer/_error.page.33b37a95.js           [39m [2m0.46 KiB / gzip: 0.34 KiB[22m
[32mvite-ng-vps-app:build: [0m[90m[37m[2mdist/client/[22m[90m[39m[36massets/pages/about/index.page.11ece954.js         [39m [2m0.38 KiB / gzip: 0.30 KiB[22m
[32mvite-ng-vps-app:build: [0m[90m[37m[2mdist/client/[22m[90m[39m[36massets/pages/index/index.page.a13dd51f.js         [39m [2m0.46 KiB / gzip: 0.33 KiB[22m
[32mvite-ng-vps-app:build: [0m[90m[37m[2mdist/client/[22m[90m[39m[36massets/entry-server-routing.2c90c166.js           [39m [2m3.17 KiB / gzip: 1.29 KiB[22m
[32mvite-ng-vps-app:build: [0m[90m[37m[2mdist/client/[22m[90m[39m[36massets/chunk-557ec040.js                          [39m [2m18.94 KiB / gzip: 6.68 KiB[22m
[32mvite-ng-vps-app:build: [0m[90m[37m[2mdist/client/[22m[90m[39m[36massets/entry-client-routing.49eed7ff.js           [39m [2m30.99 KiB / gzip: 10.25 KiB[22m
[32mvite-ng-vps-app:build: [0m[90m[37m[2mdist/client/[22m[90m[39m[36massets/chunk-a0bb9ca1.js                          [39m [2m68.89 KiB / gzip: 23.33 KiB[22m
[32mvite-ng-vps-app:build: [0m[90m[37m[2mdist/client/[22m[90m[39m[36massets/renderer/_default.page.client.0dae8de7.js  [39m [2m127.83 KiB / gzip: 40.84 KiB[22m
[32mvite-ng-vps-app:build: [0m
[32mvite-ng-vps-app:build: [0m[36mvavite: [39m[37mrunning build step[39m [34mserver[39m ([32m2/2[39m)
[32mvite-ng-vps-app:build: [0m[36mvite v3.1.0 [32mbuilding SSR bundle for production...[36m[39m
[32mvite-ng-vps-app:build: [0mtransforming...
[32mvite-ng-vps-app:build: [0m[32m✓[39m 17 modules transformed.
[32mvite-ng-vps-app:build: [0mrendering chunks...
[32mvite-ng-vps-app:build: [0m[90m[37m[2mdist/server/[22m[90m[39m[32mpackage.json                             [39m [2m0.02 KiB[22m
[32mvite-ng-vps-app:build: [0m[90m[37m[2mdist/server/[22m[90m[39m[32mimportBuild.cjs                          [39m [2m0.37 KiB[22m
[32mvite-ng-vps-app:build: [0m[90m[37m[2mdist/server/[22m[90m[39m[36mpageFiles.js                             [39m [2m1.81 KiB[22m
[32mvite-ng-vps-app:build: [0m[90m[37m[2mdist/server/[22m[90m[39m[36mimportBuild.js                           [39m [2m0.22 KiB[22m
[32mvite-ng-vps-app:build: [0m[90m[37m[2mdist/server/[22m[90m[39m[36mindex.js                                 [39m [2m6.81 KiB[22m
[32mvite-ng-vps-app:build: [0m[90m[37m[2mdist/server/[22m[90m[39m[36massets/about.page.445de607.js            [39m [2m0.70 KiB[22m
[32mvite-ng-vps-app:build: [0m[90m[37m[2mdist/server/[22m[90m[39m[36massets/index.page.314af920.js            [39m [2m0.83 KiB[22m
[32mvite-ng-vps-app:build: [0m[90m[37m[2mdist/server/[22m[90m[39m[36massets/_error.page.fb7c6d51.js           [39m [2m0.87 KiB[22m
[32mvite-ng-vps-app:build: [0m[90m[37m[2mdist/server/[22m[90m[39m[36massets/wrapper.page.59989fe1.js          [39m [2m1.65 KiB[22m
[32mvite-ng-vps-app:build: [0m[90m[37m[2mdist/server/[22m[90m[39m[36massets/index.page.server.d93cb0e2.js     [39m [2m0.87 KiB[22m
[32mvite-ng-vps-app:build: [0m[90m[37m[2mdist/server/[22m[90m[39m[36massets/_default.page.server.109b4350.js  [39m [2m4.54 KiB[22m
