[34mvite-ng-universal-app:build[0m: cache hit, replaying output [2m18017c3e954a726f[0m
[34mvite-ng-universal-app:build: [0m
[34mvite-ng-universal-app:build: [0m> vite-ng-universal-app@0.0.0 build E:\Projects\vite-plugin-angular\examples\universal
[34mvite-ng-universal-app:build: [0m> vavite
[34mvite-ng-universal-app:build: [0m
[34mvite-ng-universal-app:build: [0m[36mvavite: [39m[37mrunning build step[39m [34mclient[39m ([32m1/2[39m)
[34mvite-ng-universal-app:build: [0m[36mvite v3.1.0 [32mbuilding for production...[36m[39m
[34mvite-ng-universal-app:build: [0mtransforming...
[34mvite-ng-universal-app:build: [0m[32m✓[39m 243 modules transformed.
[34mvite-ng-universal-app:build: [0mrendering chunks...
[34mvite-ng-universal-app:build: [0m[90m[37m[2mdist/client/[22m[90m[39m[32massets/logo.17e50649.svg  [39m [2m1.49 KiB[22m
[34mvite-ng-universal-app:build: [0m[90m[37m[2mdist/client/[22m[90m[39m[32mindex.html                [39m [2m0.39 KiB[22m
[34mvite-ng-universal-app:build: [0m[90m[37m[2mdist/client/[22m[90m[39m[36massets/index.69bb5f7f.js  [39m [2m166.36 KiB / gzip: 54.37 KiB[22m
[34mvite-ng-universal-app:build: [0m
[34mvite-ng-universal-app:build: [0m[36mvavite: [39m[37mrunning build step[39m [34mserver[39m ([32m2/2[39m)
[34mvite-ng-universal-app:build: [0m[36mvite v3.1.0 [32mbuilding SSR bundle for production...[36m[39m
[34mvite-ng-universal-app:build: [0mtransforming...
[34mvite-ng-universal-app:build: [0m[32m✓[39m 11 modules transformed.
[34mvite-ng-universal-app:build: [0mrendering chunks...
[34mvite-ng-universal-app:build: [0m[90m[37m[2mdist/server/[22m[90m[39m[36mindex.js  [39m [2m12.70 KiB[22m
